2025-04-08 23:48:57.187263 - Received CBT.V508.FILE133.PDS from FILE133.XMI 
2025-04-08 23:48:57.190829 - Found $$$#DATE.txt (text/plain) in CBT.V508.FILE133.PDS, moved to PDS/$$$#DATE
2025-04-08 23:48:57.191506 - Found $$ASMDOC.txt (text/plain) in CBT.V508.FILE133.PDS, moved to PDS/$$ASMDOC
2025-04-08 23:48:57.192168 - Found $$DOC.txt (text/plain) in CBT.V508.FILE133.PDS, moved to PDS/$$DOC
2025-04-08 23:48:57.192821 - Found #SORT.txt (text/plain) in CBT.V508.FILE133.PDS, moved to PDS/#SORT
2025-04-08 23:48:57.193366 - Found @AMODE.txt (text/plain) in CBT.V508.FILE133.PDS, moved to PDS/@AMODE
2025-04-08 23:48:57.193948 - Found @FILE133.txt (text/plain) in CBT.V508.FILE133.PDS, moved to PDS/@FILE133
2025-04-08 23:48:57.194589 - Found ASM.txt (text/plain) in CBT.V508.FILE133.PDS, moved to PDS/ASM
2025-04-08 23:48:57.195174 - Found CLIST.txt (text/plain) in CBT.V508.FILE133.PDS, moved to PDS/CLIST
2025-04-08 23:48:57.195675 - Found CNTL.txt (text/plain) in CBT.V508.FILE133.PDS, moved to PDS/CNTL
2025-04-08 23:48:57.196296 - Found CPCMD.txt (text/plain) in CBT.V508.FILE133.PDS, moved to PDS/CPCMD
2025-04-08 23:48:57.196803 - Found CPCMD$.jcl (text/plain) in CBT.V508.FILE133.PDS, moved to PDS/CPCMD$
2025-04-08 23:48:57.197295 - Found DASDDEVC.txt (text/plain) in CBT.V508.FILE133.PDS, moved to PDS/DASDDEVC
2025-04-08 23:48:57.197907 - Found DASDSUB.txt (text/plain) in CBT.V508.FILE133.PDS, moved to PDS/DASDSUB
2025-04-08 23:48:57.198499 - Found DASDSUB$.jcl (text/plain) in CBT.V508.FILE133.PDS, moved to PDS/DASDSUB$
2025-04-08 23:48:57.199086 - Found DISASM3B.txt (text/plain) in CBT.V508.FILE133.PDS, moved to PDS/DISASM3B
2025-04-08 23:48:57.199641 - Found DSSLVL.txt (text/plain) in CBT.V508.FILE133.PDS, moved to PDS/DSSLVL
2025-04-08 23:48:57.200162 - Found DSSLVL$.jcl (text/plain) in CBT.V508.FILE133.PDS, moved to PDS/DSSLVL$
2025-04-08 23:48:57.200655 - Found IEZCTGFL.txt (text/plain) in CBT.V508.FILE133.PDS, moved to PDS/IEZCTGFL
2025-04-08 23:48:57.201331 - Found IEZCTGPL.txt (text/plain) in CBT.V508.FILE133.PDS, moved to PDS/IEZCTGPL
2025-04-08 23:48:57.201887 - Found JULSUB.txt (text/plain) in CBT.V508.FILE133.PDS, moved to PDS/JULSUB
2025-04-08 23:48:57.202467 - Found JULSUB$.jcl (text/plain) in CBT.V508.FILE133.PDS, moved to PDS/JULSUB$
2025-04-08 23:48:57.203026 - Found LASTCLP$.jcl (text/plain) in CBT.V508.FILE133.PDS, moved to PDS/LASTCLP$
2025-04-08 23:48:57.203614 - Found LASTCLPA.txt (text/plain) in CBT.V508.FILE133.PDS, moved to PDS/LASTCLPA
2025-04-08 23:48:57.204239 - Found LASTCLPO.txt (text/plain) in CBT.V508.FILE133.PDS, moved to PDS/LASTCLPO
2025-04-08 23:48:57.204786 - Found LNKLST.txt (text/plain) in CBT.V508.FILE133.PDS, moved to PDS/LNKLST
2025-04-08 23:48:57.205356 - Found LNKLST$.jcl (text/plain) in CBT.V508.FILE133.PDS, moved to PDS/LNKLST$
2025-04-08 23:48:57.205972 - Found LOGTIME.txt (text/plain) in CBT.V508.FILE133.PDS, moved to PDS/LOGTIME
2025-04-08 23:48:57.206489 - Found LOGTIME$.jcl (text/plain) in CBT.V508.FILE133.PDS, moved to PDS/LOGTIME$
2025-04-08 23:48:57.207076 - Found MACROS.txt (text/plain) in CBT.V508.FILE133.PDS, moved to PDS/MACROS
2025-04-08 23:48:57.207633 - Found MOREND.txt (text/plain) in CBT.V508.FILE133.PDS, moved to PDS/MOREND
2025-04-08 23:48:57.208218 - Found MOWSTART.txt (text/plain) in CBT.V508.FILE133.PDS, moved to PDS/MOWSTART
2025-04-08 23:48:57.208865 - Found RACFDS.txt (text/plain) in CBT.V508.FILE133.PDS, moved to PDS/RACFDS
2025-04-08 23:48:57.209428 - Found RACFDS$.jcl (text/plain) in CBT.V508.FILE133.PDS, moved to PDS/RACFDS$
2025-04-08 23:48:57.209993 - Found SETMODE.txt (text/plain) in CBT.V508.FILE133.PDS, moved to PDS/SETMODE
2025-04-08 23:48:57.210597 - Found SMFDS.txt (text/plain) in CBT.V508.FILE133.PDS, moved to PDS/SMFDS
2025-04-08 23:48:57.211151 - Found SMFDS$.jcl (text/plain) in CBT.V508.FILE133.PDS, moved to PDS/SMFDS$
2025-04-08 23:48:57.211770 - Found SVCTAB.txt (text/plain) in CBT.V508.FILE133.PDS, moved to PDS/SVCTAB
2025-04-08 23:48:57.212342 - Found SVCTAB$.jcl (text/plain) in CBT.V508.FILE133.PDS, moved to PDS/SVCTAB$
2025-04-08 23:48:57.212871 - Found SVCTAB$1.jcl (text/plain) in CBT.V508.FILE133.PDS, moved to PDS/SVCTAB$1
2025-04-08 23:48:57.213359 - Found SVCTAB#.txt (text/plain) in CBT.V508.FILE133.PDS, moved to PDS/SVCTAB#
2025-04-08 23:48:57.213964 - Found SVCTABO.txt (text/plain) in CBT.V508.FILE133.PDS, moved to PDS/SVCTABO
2025-04-08 23:48:57.214532 - Found SVCTAB01.txt (text/plain) in CBT.V508.FILE133.PDS, moved to PDS/SVCTAB01
2025-04-08 23:48:57.215092 - Found SVTOC.txt (text/plain) in CBT.V508.FILE133.PDS, moved to PDS/SVTOC
2025-04-08 23:48:57.215627 - Found TODCN.txt (text/plain) in CBT.V508.FILE133.PDS, moved to PDS/TODCN
2025-04-08 23:48:57.216147 - Found TODCN$.jcl (text/plain) in CBT.V508.FILE133.PDS, moved to PDS/TODCN$
2025-04-08 23:48:57.216707 - Found VSAMNAM$.jcl (text/plain) in CBT.V508.FILE133.PDS, moved to PDS/VSAMNAM$
2025-04-08 23:48:57.217242 - Found VSAMNAME.txt (text/plain) in CBT.V508.FILE133.PDS, moved to PDS/VSAMNAME
